[2021-05-15 04:57:53] production.ERROR: No application encryption key has been specified. {"exception":"[object] (RuntimeException(code: 0): No application encryption key has been specified. at C:\\Users\\admin\\Downloads\\documents\\learn\\Spring-Boot-React-CRM-master\\APPPHP\\laravel\\vendor\\laravel\\framework\\src\\Illuminate\\Encryption\\EncryptionServiceProvider.php:80)
[stacktrace]
#0 C:\\Users\\admin\\Downloads\\documents\\learn\\Spring-Boot-React-CRM-master\\APPPHP\\laravel\\vendor\\laravel\\framework\\src\\Illuminate\\Support\\helpers.php(433): Illuminate\\Encryption\\EncryptionServiceProvider->Illuminate\\Encryption\\{closure}(NULL)
#1 C:\\Users\\admin\\Downloads\\documents\\learn\\Spring-Boot-React-CRM-master\\APPPHP\\laravel\\vendor\\laravel\\framework\\src\\Illuminate\\Encryption\\EncryptionServiceProvider.php(84): tap(NULL, Object(Closure))
#2 C:\\Users\\admin\\Downloads\\documents\\learn\\Spring-Boot-React-CRM-master\\APPPHP\\laravel\\vendor\\laravel\\framework\\src\\Illuminate\\Encryption\\EncryptionServiceProvider.php(61): Illuminate\\Encryption\\EncryptionServiceProvider->key(Array)
#3 C:\\Users\\admin\\Downloads\\documents\\learn\\Spring-Boot-React-CRM-master\\APPPHP\\laravel\\vendor\\laravel\\framework\\src\\Illuminate\\Encryption\\EncryptionServiceProvider.php(33): Illuminate\\Encryption\\EncryptionServiceProvider->parseKey(Array)
#4 C:\\Users\\admin\\Downloads\\documents\\learn\\Spring-Boot-React-CRM-master\\APPPHP\\laravel\\vendor\\laravel\\framework\\src\\Illuminate\\Container\\Container.php(805): Illuminate\\Encryption\\EncryptionServiceProvider->Illuminate\\Encryption\\{closure}(Object(Illuminate\\Foundation\\Application), Array)
#5 C:\\Users\\admin\\Downloads\\documents\\learn\\Spring-Boot-React-CRM-master\\APPPHP\\laravel\\vendor\\laravel\\framework\\src\\Illuminate\\Container\\Container.php(691): Illuminate\\Container\\Container->build(Object(Closure))
#6 C:\\Users\\admin\\Downloads\\documents\\learn\\Spring-Boot-React-CRM-master\\APPPHP\\laravel\\vendor\\laravel\\framework\\src\\Illuminate\\Foundation\\Application.php(796): Illuminate\\Container\\Container->resolve('encrypter', Array, true)
#7 C:\\Users\\admin\\Downloads\\documents\\learn\\Spring-Boot-React-CRM-master\\APPPHP\\laravel\\vendor\\laravel\\framework\\src\\Illuminate\\Container\\Container.php(637): Illuminate\\Foundation\\Application->resolve('encrypter', Array)
#8 C:\\Users\\admin\\Downloads\\documents\\learn\\Spring-Boot-React-CRM-master\\APPPHP\\laravel\\vendor\\laravel\\framework\\src\\Illuminate\\Foundation\\Application.php(781): Illuminate\\Container\\Container->make('encrypter', Array)
#9 C:\\Users\\admin\\Downloads\\documents\\learn\\Spring-Boot-React-CRM-master\\APPPHP\\laravel\\vendor\\laravel\\framework\\src\\Illuminate\\Container\\Container.php(959): Illuminate\\Foundation\\Application->make('encrypter')
#10 C:\\Users\\admin\\Downloads\\documents\\learn\\Spring-Boot-React-CRM-master\\APPPHP\\laravel\\vendor\\laravel\\framework\\src\\Illuminate\\Container\\Container.php(879): Illuminate\\Container\\Container->resolveClass(Object(ReflectionParameter))
#11 C:\\Users\\admin\\Downloads\\documents\\learn\\Spring-Boot-React-CRM-master\\APPPHP\\laravel\\vendor\\laravel\\framework\\src\\Illuminate\\Container\\Container.php(840): Illuminate\\Container\\Container->resolveDependencies(Array)
#12 C:\\Users\\admin\\Downloads\\documents\\learn\\Spring-Boot-React-CRM-master\\APPPHP\\laravel\\vendor\\laravel\\framework\\src\\Illuminate\\Container\\Container.php(691): Illuminate\\Container\\Container->build('App\\\\Http\\\\Middle...')
#13 C:\\Users\\admin\\Downloads\\documents\\learn\\Spring-Boot-React-CRM-master\\APPPHP\\laravel\\vendor\\laravel\\framework\\src\\Illuminate\\Foundation\\Application.php(796): Illuminate\\Container\\Container->resolve('App\\\\Http\\\\Middle...', Array, true)
#14 C:\\Users\\admin\\Downloads\\documents\\learn\\Spring-Boot-React-CRM-master\\APPPHP\\laravel\\vendor\\laravel\\framework\\src\\Illuminate\\Container\\Container.php(637): Illuminate\\Foundation\\Application->resolve('App\\\\Http\\\\Middle...', Array)
#15 C:\\Users\\admin\\Downloads\\documents\\learn\\Spring-Boot-React-CRM-master\\APPPHP\\laravel\\vendor\\laravel\\framework\\src\\Illuminate\\Foundation\\Application.php(781): Illuminate\\Container\\Container->make('App\\\\Http\\\\Middle...', Array)
#16 C:\\Users\\admin\\Downloads\\documents\\learn\\Spring-Boot-React-CRM-master\\APPPHP\\laravel\\vendor\\laravel\\framework\\src\\Illuminate\\Pipeline\\Pipeline.php(156): Illuminate\\Foundation\\Application->make('App\\\\Http\\\\Middle...')
#17 C:\\Users\\admin\\Downloads\\documents\\learn\\Spring-Boot-React-CRM-master\\APPPHP\\laravel\\vendor\\laravel\\framework\\src\\Illuminate\\Pipeline\\Pipeline.php(103): Illuminate\\Pipeline\\Pipeline->Illuminate\\Pipeline\\{closure}(Object(Illuminate\\Http\\Request))
#18 C:\\Users\\admin\\Downloads\\documents\\learn\\Spring-Boot-React-CRM-master\\APPPHP\\laravel\\vendor\\laravel\\framework\\src\\Illuminate\\Routing\\Router.php(687): Illuminate\\Pipeline\\Pipeline->then(Object(Closure))
#19 C:\\Users\\admin\\Downloads\\documents\\learn\\Spring-Boot-React-CRM-master\\APPPHP\\laravel\\vendor\\laravel\\framework\\src\\Illuminate\\Routing\\Router.php(662): Illuminate\\Routing\\Router->runRouteWithinStack(Object(Illuminate\\Routing\\Route), Object(Illuminate\\Http\\Request))
#20 C:\\Users\\admin\\Downloads\\documents\\learn\\Spring-Boot-React-CRM-master\\APPPHP\\laravel\\vendor\\laravel\\framework\\src\\Illuminate\\Routing\\Router.php(628): Illuminate\\Routing\\Router->runRoute(Object(Illuminate\\Http\\Request), Object(Illuminate\\Routing\\Route))
#21 C:\\Users\\admin\\Downloads\\documents\\learn\\Spring-Boot-React-CRM-master\\APPPHP\\laravel\\vendor\\laravel\\framework\\src\\Illuminate\\Routing\\Router.php(617): Illuminate\\Routing\\Router->dispatchToRoute(Object(Illuminate\\Http\\Request))
#22 C:\\Users\\admin\\Downloads\\documents\\learn\\Spring-Boot-React-CRM-master\\APPPHP\\laravel\\vendor\\laravel\\framework\\src\\Illuminate\\Foundation\\Http\\Kernel.php(165): Illuminate\\Routing\\Router->dispatch(Object(Illuminate\\Http\\Request))
#23 C:\\Users\\admin\\Downloads\\documents\\learn\\Spring-Boot-React-CRM-master\\APPPHP\\laravel\\vendor\\laravel\\framework\\src\\Illuminate\\Pipeline\\Pipeline.php(128): Illuminate\\Foundation\\Http\\Kernel->Illuminate\\Foundation\\Http\\{closure}(Object(Illuminate\\Http\\Request))
#24 C:\\Users\\admin\\Downloads\\documents\\learn\\Spring-Boot-React-CRM-master\\APPPHP\\laravel\\vendor\\laravel\\framework\\src\\Illuminate\\Foundation\\Http\\Middleware\\TransformsRequest.php(21): Illuminate\\Pipeline\\Pipeline->Illuminate\\Pipeline\\{closure}(Object(Illuminate\\Http\\Request))
#25 C:\\Users\\admin\\Downloads\\documents\\learn\\Spring-Boot-React-CRM-master\\APPPHP\\laravel\\vendor\\laravel\\framework\\src\\Illuminate\\Pipeline\\Pipeline.php(167): Illuminate\\Foundation\\Http\\Middleware\\TransformsRequest->handle(Object(Illuminate\\Http\\Request), Object(Closure))
#26 C:\\Users\\admin\\Downloads\\documents\\learn\\Spring-Boot-React-CRM-master\\APPPHP\\laravel\\vendor\\laravel\\framework\\src\\Illuminate\\Foundation\\Http\\Middleware\\TransformsRequest.php(21): Illuminate\\Pipeline\\Pipeline->Illuminate\\Pipeline\\{closure}(Object(Illuminate\\Http\\Request))
#27 C:\\Users\\admin\\Downloads\\documents\\learn\\Spring-Boot-React-CRM-master\\APPPHP\\laravel\\vendor\\laravel\\framework\\src\\Illuminate\\Pipeline\\Pipeline.php(167): Illuminate\\Foundation\\Http\\Middleware\\TransformsRequest->handle(Object(Illuminate\\Http\\Request), Object(Closure))
#28 C:\\Users\\admin\\Downloads\\documents\\learn\\Spring-Boot-React-CRM-master\\APPPHP\\laravel\\vendor\\laravel\\framework\\src\\Illuminate\\Foundation\\Http\\Middleware\\ValidatePostSize.php(27): Illuminate\\Pipeline\\Pipeline->Illuminate\\Pipeline\\{closure}(Object(Illuminate\\Http\\Request))
#29 C:\\Users\\admin\\Downloads\\documents\\learn\\Spring-Boot-React-CRM-master\\APPPHP\\laravel\\vendor\\laravel\\framework\\src\\Illuminate\\Pipeline\\Pipeline.php(167): Illuminate\\Foundation\\Http\\Middleware\\ValidatePostSize->handle(Object(Illuminate\\Http\\Request), Object(Closure))
#30 C:\\Users\\admin\\Downloads\\documents\\learn\\Spring-Boot-React-CRM-master\\APPPHP\\laravel\\vendor\\laravel\\framework\\src\\Illuminate\\Foundation\\Http\\Middleware\\CheckForMaintenanceMode.php(63): Illuminate\\Pipeline\\Pipeline->Illuminate\\Pipeline\\{closure}(Object(Illuminate\\Http\\Request))
#31 C:\\Users\\admin\\Downloads\\documents\\learn\\Spring-Boot-React-CRM-master\\APPPHP\\laravel\\vendor\\laravel\\framework\\src\\Illuminate\\Pipeline\\Pipeline.php(167): Illuminate\\Foundation\\Http\\Middleware\\CheckForMaintenanceMode->handle(Object(Illuminate\\Http\\Request), Object(Closure))
#32 C:\\Users\\admin\\Downloads\\documents\\learn\\Spring-Boot-React-CRM-master\\APPPHP\\laravel\\vendor\\fideloper\\proxy\\src\\TrustProxies.php(57): Illuminate\\Pipeline\\Pipeline->Illuminate\\Pipeline\\{closure}(Object(Illuminate\\Http\\Request))
#33 C:\\Users\\admin\\Downloads\\documents\\learn\\Spring-Boot-React-CRM-master\\APPPHP\\laravel\\vendor\\laravel\\framework\\src\\Illuminate\\Pipeline\\Pipeline.php(167): Fideloper\\Proxy\\TrustProxies->handle(Object(Illuminate\\Http\\Request), Object(Closure))
#34 C:\\Users\\admin\\Downloads\\documents\\learn\\Spring-Boot-React-CRM-master\\APPPHP\\laravel\\vendor\\laravel\\framework\\src\\Illuminate\\Pipeline\\Pipeline.php(103): Illuminate\\Pipeline\\Pipeline->Illuminate\\Pipeline\\{closure}(Object(Illuminate\\Http\\Request))
#35 C:\\Users\\admin\\Downloads\\documents\\learn\\Spring-Boot-React-CRM-master\\APPPHP\\laravel\\vendor\\laravel\\framework\\src\\Illuminate\\Foundation\\Http\\Kernel.php(140): Illuminate\\Pipeline\\Pipeline->then(Object(Closure))
#36 C:\\Users\\admin\\Downloads\\documents\\learn\\Spring-Boot-React-CRM-master\\APPPHP\\laravel\\vendor\\laravel\\framework\\src\\Illuminate\\Foundation\\Http\\Kernel.php(109): Illuminate\\Foundation\\Http\\Kernel->sendRequestThroughRouter(Object(Illuminate\\Http\\Request))
#37 C:\\Users\\admin\\Downloads\\documents\\learn\\Spring-Boot-React-CRM-master\\APPPHP\\laravel\\public\\index.php(55): Illuminate\\Foundation\\Http\\Kernel->handle(Object(Illuminate\\Http\\Request))
#38 C:\\Users\\admin\\Downloads\\documents\\learn\\Spring-Boot-React-CRM-master\\APPPHP\\laravel\\server.php(21): require_once('C:\\\\Users\\\\admin\\\\...')
#39 {main}
"} 
[2021-05-15 04:57:54] production.ERROR: No application encryption key has been specified. {"exception":"[object] (RuntimeException(code: 0): No application encryption key has been specified. at C:\\Users\\admin\\Downloads\\documents\\learn\\Spring-Boot-React-CRM-master\\APPPHP\\laravel\\vendor\\laravel\\framework\\src\\Illuminate\\Encryption\\EncryptionServiceProvider.php:80)
[stacktrace]
#0 C:\\Users\\admin\\Downloads\\documents\\learn\\Spring-Boot-React-CRM-master\\APPPHP\\laravel\\vendor\\laravel\\framework\\src\\Illuminate\\Support\\helpers.php(433): Illuminate\\Encryption\\EncryptionServiceProvider->Illuminate\\Encryption\\{closure}(NULL)
#1 C:\\Users\\admin\\Downloads\\documents\\learn\\Spring-Boot-React-CRM-master\\APPPHP\\laravel\\vendor\\laravel\\framework\\src\\Illuminate\\Encryption\\EncryptionServiceProvider.php(84): tap(NULL, Object(Closure))
#2 C:\\Users\\admin\\Downloads\\documents\\learn\\Spring-Boot-React-CRM-master\\APPPHP\\laravel\\vendor\\laravel\\framework\\src\\Illuminate\\Encryption\\EncryptionServiceProvider.php(61): Illuminate\\Encryption\\EncryptionServiceProvider->key(Array)
#3 C:\\Users\\admin\\Downloads\\documents\\learn\\Spring-Boot-React-CRM-master\\APPPHP\\laravel\\vendor\\laravel\\framework\\src\\Illuminate\\Encryption\\EncryptionServiceProvider.php(33): Illuminate\\Encryption\\EncryptionServiceProvider->parseKey(Array)
#4 C:\\Users\\admin\\Downloads\\documents\\learn\\Spring-Boot-React-CRM-master\\APPPHP\\laravel\\vendor\\laravel\\framework\\src\\Illuminate\\Container\\Container.php(805): Illuminate\\Encryption\\EncryptionServiceProvider->Illuminate\\Encryption\\{closure}(Object(Illuminate\\Foundation\\Application), Array)
#5 C:\\Users\\admin\\Downloads\\documents\\learn\\Spring-Boot-React-CRM-master\\APPPHP\\laravel\\vendor\\laravel\\framework\\src\\Illuminate\\Container\\Container.php(691): Illuminate\\Container\\Container->build(Object(Closure))
#6 C:\\Users\\admin\\Downloads\\documents\\learn\\Spring-Boot-React-CRM-master\\APPPHP\\laravel\\vendor\\laravel\\framework\\src\\Illuminate\\Foundation\\Application.php(796): Illuminate\\Container\\Container->resolve('encrypter', Array, true)
#7 C:\\Users\\admin\\Downloads\\documents\\learn\\Spring-Boot-React-CRM-master\\APPPHP\\laravel\\vendor\\laravel\\framework\\src\\Illuminate\\Container\\Container.php(637): Illuminate\\Foundation\\Application->resolve('encrypter', Array)
#8 C:\\Users\\admin\\Downloads\\documents\\learn\\Spring-Boot-React-CRM-master\\APPPHP\\laravel\\vendor\\laravel\\framework\\src\\Illuminate\\Foundation\\Application.php(781): Illuminate\\Container\\Container->make('encrypter', Array)
#9 C:\\Users\\admin\\Downloads\\documents\\learn\\Spring-Boot-React-CRM-master\\APPPHP\\laravel\\vendor\\laravel\\framework\\src\\Illuminate\\Container\\Container.php(959): Illuminate\\Foundation\\Application->make('encrypter')
#10 C:\\Users\\admin\\Downloads\\documents\\learn\\Spring-Boot-React-CRM-master\\APPPHP\\laravel\\vendor\\laravel\\framework\\src\\Illuminate\\Container\\Container.php(879): Illuminate\\Container\\Container->resolveClass(Object(ReflectionParameter))
#11 C:\\Users\\admin\\Downloads\\documents\\learn\\Spring-Boot-React-CRM-master\\APPPHP\\laravel\\vendor\\laravel\\framework\\src\\Illuminate\\Container\\Container.php(840): Illuminate\\Container\\Container->resolveDependencies(Array)
#12 C:\\Users\\admin\\Downloads\\documents\\learn\\Spring-Boot-React-CRM-master\\APPPHP\\laravel\\vendor\\laravel\\framework\\src\\Illuminate\\Container\\Container.php(691): Illuminate\\Container\\Container->build('App\\\\Http\\\\Middle...')
#13 C:\\Users\\admin\\Downloads\\documents\\learn\\Spring-Boot-React-CRM-master\\APPPHP\\laravel\\vendor\\laravel\\framework\\src\\Illuminate\\Foundation\\Application.php(796): Illuminate\\Container\\Container->resolve('App\\\\Http\\\\Middle...', Array, true)
#14 C:\\Users\\admin\\Downloads\\documents\\learn\\Spring-Boot-React-CRM-master\\APPPHP\\laravel\\vendor\\laravel\\framework\\src\\Illuminate\\Container\\Container.php(637): Illuminate\\Foundation\\Application->resolve('App\\\\Http\\\\Middle...', Array)
#15 C:\\Users\\admin\\Downloads\\documents\\learn\\Spring-Boot-React-CRM-master\\APPPHP\\laravel\\vendor\\laravel\\framework\\src\\Illuminate\\Foundation\\Application.php(781): Illuminate\\Container\\Container->make('App\\\\Http\\\\Middle...', Array)
#16 C:\\Users\\admin\\Downloads\\documents\\learn\\Spring-Boot-React-CRM-master\\APPPHP\\laravel\\vendor\\laravel\\framework\\src\\Illuminate\\Foundation\\Http\\Kernel.php(204): Illuminate\\Foundation\\Application->make('App\\\\Http\\\\Middle...')
#17 C:\\Users\\admin\\Downloads\\documents\\learn\\Spring-Boot-React-CRM-master\\APPPHP\\laravel\\vendor\\laravel\\framework\\src\\Illuminate\\Foundation\\Http\\Kernel.php(178): Illuminate\\Foundation\\Http\\Kernel->terminateMiddleware(Object(Illuminate\\Http\\Request), Object(Illuminate\\Http\\Response))
#18 C:\\Users\\admin\\Downloads\\documents\\learn\\Spring-Boot-React-CRM-master\\APPPHP\\laravel\\public\\index.php(60): Illuminate\\Foundation\\Http\\Kernel->terminate(Object(Illuminate\\Http\\Request), Object(Illuminate\\Http\\Response))
#19 C:\\Users\\admin\\Downloads\\documents\\learn\\Spring-Boot-React-CRM-master\\APPPHP\\laravel\\server.php(21): require_once('C:\\\\Users\\\\admin\\\\...')
#20 {main}
"} 
[2021-05-15 04:58:01] production.ERROR: No application encryption key has been specified. {"exception":"[object] (RuntimeException(code: 0): No application encryption key has been specified. at C:\\Users\\admin\\Downloads\\documents\\learn\\Spring-Boot-React-CRM-master\\APPPHP\\laravel\\vendor\\laravel\\framework\\src\\Illuminate\\Encryption\\EncryptionServiceProvider.php:80)
[stacktrace]
#0 C:\\Users\\admin\\Downloads\\documents\\learn\\Spring-Boot-React-CRM-master\\APPPHP\\laravel\\vendor\\laravel\\framework\\src\\Illuminate\\Support\\helpers.php(433): Illuminate\\Encryption\\EncryptionServiceProvider->Illuminate\\Encryption\\{closure}(NULL)
#1 C:\\Users\\admin\\Downloads\\documents\\learn\\Spring-Boot-React-CRM-master\\APPPHP\\laravel\\vendor\\laravel\\framework\\src\\Illuminate\\Encryption\\EncryptionServiceProvider.php(84): tap(NULL, Object(Closure))
#2 C:\\Users\\admin\\Downloads\\documents\\learn\\Spring-Boot-React-CRM-master\\APPPHP\\laravel\\vendor\\laravel\\framework\\src\\Illuminate\\Encryption\\EncryptionServiceProvider.php(61): Illuminate\\Encryption\\EncryptionServiceProvider->key(Array)
#3 C:\\Users\\admin\\Downloads\\documents\\learn\\Spring-Boot-React-CRM-master\\APPPHP\\laravel\\vendor\\laravel\\framework\\src\\Illuminate\\Encryption\\EncryptionServiceProvider.php(33): Illuminate\\Encryption\\EncryptionServiceProvider->parseKey(Array)
#4 C:\\Users\\admin\\Downloads\\documents\\learn\\Spring-Boot-React-CRM-master\\APPPHP\\laravel\\vendor\\laravel\\framework\\src\\Illuminate\\Container\\Container.php(805): Illuminate\\Encryption\\EncryptionServiceProvider->Illuminate\\Encryption\\{closure}(Object(Illuminate\\Foundation\\Application), Array)
#5 C:\\Users\\admin\\Downloads\\documents\\learn\\Spring-Boot-React-CRM-master\\APPPHP\\laravel\\vendor\\laravel\\framework\\src\\Illuminate\\Container\\Container.php(691): Illuminate\\Container\\Container->build(Object(Closure))
#6 C:\\Users\\admin\\Downloads\\documents\\learn\\Spring-Boot-React-CRM-master\\APPPHP\\laravel\\vendor\\laravel\\framework\\src\\Illuminate\\Foundation\\Application.php(796): Illuminate\\Container\\Container->resolve('encrypter', Array, true)
#7 C:\\Users\\admin\\Downloads\\documents\\learn\\Spring-Boot-React-CRM-master\\APPPHP\\laravel\\vendor\\laravel\\framework\\src\\Illuminate\\Container\\Container.php(637): Illuminate\\Foundation\\Application->resolve('encrypter', Array)
#8 C:\\Users\\admin\\Downloads\\documents\\learn\\Spring-Boot-React-CRM-master\\APPPHP\\laravel\\vendor\\laravel\\framework\\src\\Illuminate\\Foundation\\Application.php(781): Illuminate\\Container\\Container->make('encrypter', Array)
#9 C:\\Users\\admin\\Downloads\\documents\\learn\\Spring-Boot-React-CRM-master\\APPPHP\\laravel\\vendor\\laravel\\framework\\src\\Illuminate\\Container\\Container.php(959): Illuminate\\Foundation\\Application->make('encrypter')
#10 C:\\Users\\admin\\Downloads\\documents\\learn\\Spring-Boot-React-CRM-master\\APPPHP\\laravel\\vendor\\laravel\\framework\\src\\Illuminate\\Container\\Container.php(879): Illuminate\\Container\\Container->resolveClass(Object(ReflectionParameter))
#11 C:\\Users\\admin\\Downloads\\documents\\learn\\Spring-Boot-React-CRM-master\\APPPHP\\laravel\\vendor\\laravel\\framework\\src\\Illuminate\\Container\\Container.php(840): Illuminate\\Container\\Container->resolveDependencies(Array)
#12 C:\\Users\\admin\\Downloads\\documents\\learn\\Spring-Boot-React-CRM-master\\APPPHP\\laravel\\vendor\\laravel\\framework\\src\\Illuminate\\Container\\Container.php(691): Illuminate\\Container\\Container->build('App\\\\Http\\\\Middle...')
#13 C:\\Users\\admin\\Downloads\\documents\\learn\\Spring-Boot-React-CRM-master\\APPPHP\\laravel\\vendor\\laravel\\framework\\src\\Illuminate\\Foundation\\Application.php(796): Illuminate\\Container\\Container->resolve('App\\\\Http\\\\Middle...', Array, true)
#14 C:\\Users\\admin\\Downloads\\documents\\learn\\Spring-Boot-React-CRM-master\\APPPHP\\laravel\\vendor\\laravel\\framework\\src\\Illuminate\\Container\\Container.php(637): Illuminate\\Foundation\\Application->resolve('App\\\\Http\\\\Middle...', Array)
#15 C:\\Users\\admin\\Downloads\\documents\\learn\\Spring-Boot-React-CRM-master\\APPPHP\\laravel\\vendor\\laravel\\framework\\src\\Illuminate\\Foundation\\Application.php(781): Illuminate\\Container\\Container->make('App\\\\Http\\\\Middle...', Array)
#16 C:\\Users\\admin\\Downloads\\documents\\learn\\Spring-Boot-React-CRM-master\\APPPHP\\laravel\\vendor\\laravel\\framework\\src\\Illuminate\\Pipeline\\Pipeline.php(156): Illuminate\\Foundation\\Application->make('App\\\\Http\\\\Middle...')
#17 C:\\Users\\admin\\Downloads\\documents\\learn\\Spring-Boot-React-CRM-master\\APPPHP\\laravel\\vendor\\laravel\\framework\\src\\Illuminate\\Pipeline\\Pipeline.php(103): Illuminate\\Pipeline\\Pipeline->Illuminate\\Pipeline\\{closure}(Object(Illuminate\\Http\\Request))
#18 C:\\Users\\admin\\Downloads\\documents\\learn\\Spring-Boot-React-CRM-master\\APPPHP\\laravel\\vendor\\laravel\\framework\\src\\Illuminate\\Routing\\Router.php(687): Illuminate\\Pipeline\\Pipeline->then(Object(Closure))
#19 C:\\Users\\admin\\Downloads\\documents\\learn\\Spring-Boot-React-CRM-master\\APPPHP\\laravel\\vendor\\laravel\\framework\\src\\Illuminate\\Routing\\Router.php(662): Illuminate\\Routing\\Router->runRouteWithinStack(Object(Illuminate\\Routing\\Route), Object(Illuminate\\Http\\Request))
#20 C:\\Users\\admin\\Downloads\\documents\\learn\\Spring-Boot-React-CRM-master\\APPPHP\\laravel\\vendor\\laravel\\framework\\src\\Illuminate\\Routing\\Router.php(628): Illuminate\\Routing\\Router->runRoute(Object(Illuminate\\Http\\Request), Object(Illuminate\\Routing\\Route))
#21 C:\\Users\\admin\\Downloads\\documents\\learn\\Spring-Boot-React-CRM-master\\APPPHP\\laravel\\vendor\\laravel\\framework\\src\\Illuminate\\Routing\\Router.php(617): Illuminate\\Routing\\Router->dispatchToRoute(Object(Illuminate\\Http\\Request))
#22 C:\\Users\\admin\\Downloads\\documents\\learn\\Spring-Boot-React-CRM-master\\APPPHP\\laravel\\vendor\\laravel\\framework\\src\\Illuminate\\Foundation\\Http\\Kernel.php(165): Illuminate\\Routing\\Router->dispatch(Object(Illuminate\\Http\\Request))
#23 C:\\Users\\admin\\Downloads\\documents\\learn\\Spring-Boot-React-CRM-master\\APPPHP\\laravel\\vendor\\laravel\\framework\\src\\Illuminate\\Pipeline\\Pipeline.php(128): Illuminate\\Foundation\\Http\\Kernel->Illuminate\\Foundation\\Http\\{closure}(Object(Illuminate\\Http\\Request))
#24 C:\\Users\\admin\\Downloads\\documents\\learn\\Spring-Boot-React-CRM-master\\APPPHP\\laravel\\vendor\\laravel\\framework\\src\\Illuminate\\Foundation\\Http\\Middleware\\TransformsRequest.php(21): Illuminate\\Pipeline\\Pipeline->Illuminate\\Pipeline\\{closure}(Object(Illuminate\\Http\\Request))
#25 C:\\Users\\admin\\Downloads\\documents\\learn\\Spring-Boot-React-CRM-master\\APPPHP\\laravel\\vendor\\laravel\\framework\\src\\Illuminate\\Pipeline\\Pipeline.php(167): Illuminate\\Foundation\\Http\\Middleware\\TransformsRequest->handle(Object(Illuminate\\Http\\Request), Object(Closure))
#26 C:\\Users\\admin\\Downloads\\documents\\learn\\Spring-Boot-React-CRM-master\\APPPHP\\laravel\\vendor\\laravel\\framework\\src\\Illuminate\\Foundation\\Http\\Middleware\\TransformsRequest.php(21): Illuminate\\Pipeline\\Pipeline->Illuminate\\Pipeline\\{closure}(Object(Illuminate\\Http\\Request))
#27 C:\\Users\\admin\\Downloads\\documents\\learn\\Spring-Boot-React-CRM-master\\APPPHP\\laravel\\vendor\\laravel\\framework\\src\\Illuminate\\Pipeline\\Pipeline.php(167): Illuminate\\Foundation\\Http\\Middleware\\TransformsRequest->handle(Object(Illuminate\\Http\\Request), Object(Closure))
#28 C:\\Users\\admin\\Downloads\\documents\\learn\\Spring-Boot-React-CRM-master\\APPPHP\\laravel\\vendor\\laravel\\framework\\src\\Illuminate\\Foundation\\Http\\Middleware\\ValidatePostSize.php(27): Illuminate\\Pipeline\\Pipeline->Illuminate\\Pipeline\\{closure}(Object(Illuminate\\Http\\Request))
#29 C:\\Users\\admin\\Downloads\\documents\\learn\\Spring-Boot-React-CRM-master\\APPPHP\\laravel\\vendor\\laravel\\framework\\src\\Illuminate\\Pipeline\\Pipeline.php(167): Illuminate\\Foundation\\Http\\Middleware\\ValidatePostSize->handle(Object(Illuminate\\Http\\Request), Object(Closure))
#30 C:\\Users\\admin\\Downloads\\documents\\learn\\Spring-Boot-React-CRM-master\\APPPHP\\laravel\\vendor\\laravel\\framework\\src\\Illuminate\\Foundation\\Http\\Middleware\\CheckForMaintenanceMode.php(63): Illuminate\\Pipeline\\Pipeline->Illuminate\\Pipeline\\{closure}(Object(Illuminate\\Http\\Request))
#31 C:\\Users\\admin\\Downloads\\documents\\learn\\Spring-Boot-React-CRM-master\\APPPHP\\laravel\\vendor\\laravel\\framework\\src\\Illuminate\\Pipeline\\Pipeline.php(167): Illuminate\\Foundation\\Http\\Middleware\\CheckForMaintenanceMode->handle(Object(Illuminate\\Http\\Request), Object(Closure))
#32 C:\\Users\\admin\\Downloads\\documents\\learn\\Spring-Boot-React-CRM-master\\APPPHP\\laravel\\vendor\\fideloper\\proxy\\src\\TrustProxies.php(57): Illuminate\\Pipeline\\Pipeline->Illuminate\\Pipeline\\{closure}(Object(Illuminate\\Http\\Request))
#33 C:\\Users\\admin\\Downloads\\documents\\learn\\Spring-Boot-React-CRM-master\\APPPHP\\laravel\\vendor\\laravel\\framework\\src\\Illuminate\\Pipeline\\Pipeline.php(167): Fideloper\\Proxy\\TrustProxies->handle(Object(Illuminate\\Http\\Request), Object(Closure))
#34 C:\\Users\\admin\\Downloads\\documents\\learn\\Spring-Boot-React-CRM-master\\APPPHP\\laravel\\vendor\\laravel\\framework\\src\\Illuminate\\Pipeline\\Pipeline.php(103): Illuminate\\Pipeline\\Pipeline->Illuminate\\Pipeline\\{closure}(Object(Illuminate\\Http\\Request))
#35 C:\\Users\\admin\\Downloads\\documents\\learn\\Spring-Boot-React-CRM-master\\APPPHP\\laravel\\vendor\\laravel\\framework\\src\\Illuminate\\Foundation\\Http\\Kernel.php(140): Illuminate\\Pipeline\\Pipeline->then(Object(Closure))
#36 C:\\Users\\admin\\Downloads\\documents\\learn\\Spring-Boot-React-CRM-master\\APPPHP\\laravel\\vendor\\laravel\\framework\\src\\Illuminate\\Foundation\\Http\\Kernel.php(109): Illuminate\\Foundation\\Http\\Kernel->sendRequestThroughRouter(Object(Illuminate\\Http\\Request))
#37 C:\\Users\\admin\\Downloads\\documents\\learn\\Spring-Boot-React-CRM-master\\APPPHP\\laravel\\public\\index.php(55): Illuminate\\Foundation\\Http\\Kernel->handle(Object(Illuminate\\Http\\Request))
#38 C:\\Users\\admin\\Downloads\\documents\\learn\\Spring-Boot-React-CRM-master\\APPPHP\\laravel\\server.php(21): require_once('C:\\\\Users\\\\admin\\\\...')
#39 {main}
"} 
[2021-05-15 04:58:01] production.ERROR: No application encryption key has been specified. {"exception":"[object] (RuntimeException(code: 0): No application encryption key has been specified. at C:\\Users\\admin\\Downloads\\documents\\learn\\Spring-Boot-React-CRM-master\\APPPHP\\laravel\\vendor\\laravel\\framework\\src\\Illuminate\\Encryption\\EncryptionServiceProvider.php:80)
[stacktrace]
#0 C:\\Users\\admin\\Downloads\\documents\\learn\\Spring-Boot-React-CRM-master\\APPPHP\\laravel\\vendor\\laravel\\framework\\src\\Illuminate\\Support\\helpers.php(433): Illuminate\\Encryption\\EncryptionServiceProvider->Illuminate\\Encryption\\{closure}(NULL)
#1 C:\\Users\\admin\\Downloads\\documents\\learn\\Spring-Boot-React-CRM-master\\APPPHP\\laravel\\vendor\\laravel\\framework\\src\\Illuminate\\Encryption\\EncryptionServiceProvider.php(84): tap(NULL, Object(Closure))
#2 C:\\Users\\admin\\Downloads\\documents\\learn\\Spring-Boot-React-CRM-master\\APPPHP\\laravel\\vendor\\laravel\\framework\\src\\Illuminate\\Encryption\\EncryptionServiceProvider.php(61): Illuminate\\Encryption\\EncryptionServiceProvider->key(Array)
#3 C:\\Users\\admin\\Downloads\\documents\\learn\\Spring-Boot-React-CRM-master\\APPPHP\\laravel\\vendor\\laravel\\framework\\src\\Illuminate\\Encryption\\EncryptionServiceProvider.php(33): Illuminate\\Encryption\\EncryptionServiceProvider->parseKey(Array)
#4 C:\\Users\\admin\\Downloads\\documents\\learn\\Spring-Boot-React-CRM-master\\APPPHP\\laravel\\vendor\\laravel\\framework\\src\\Illuminate\\Container\\Container.php(805): Illuminate\\Encryption\\EncryptionServiceProvider->Illuminate\\Encryption\\{closure}(Object(Illuminate\\Foundation\\Application), Array)
#5 C:\\Users\\admin\\Downloads\\documents\\learn\\Spring-Boot-React-CRM-master\\APPPHP\\laravel\\vendor\\laravel\\framework\\src\\Illuminate\\Container\\Container.php(691): Illuminate\\Container\\Container->build(Object(Closure))
#6 C:\\Users\\admin\\Downloads\\documents\\learn\\Spring-Boot-React-CRM-master\\APPPHP\\laravel\\vendor\\laravel\\framework\\src\\Illuminate\\Foundation\\Application.php(796): Illuminate\\Container\\Container->resolve('encrypter', Array, true)
#7 C:\\Users\\admin\\Downloads\\documents\\learn\\Spring-Boot-React-CRM-master\\APPPHP\\laravel\\vendor\\laravel\\framework\\src\\Illuminate\\Container\\Container.php(637): Illuminate\\Foundation\\Application->resolve('encrypter', Array)
#8 C:\\Users\\admin\\Downloads\\documents\\learn\\Spring-Boot-React-CRM-master\\APPPHP\\laravel\\vendor\\laravel\\framework\\src\\Illuminate\\Foundation\\Application.php(781): Illuminate\\Container\\Container->make('encrypter', Array)
#9 C:\\Users\\admin\\Downloads\\documents\\learn\\Spring-Boot-React-CRM-master\\APPPHP\\laravel\\vendor\\laravel\\framework\\src\\Illuminate\\Container\\Container.php(959): Illuminate\\Foundation\\Application->make('encrypter')
#10 C:\\Users\\admin\\Downloads\\documents\\learn\\Spring-Boot-React-CRM-master\\APPPHP\\laravel\\vendor\\laravel\\framework\\src\\Illuminate\\Container\\Container.php(879): Illuminate\\Container\\Container->resolveClass(Object(ReflectionParameter))
#11 C:\\Users\\admin\\Downloads\\documents\\learn\\Spring-Boot-React-CRM-master\\APPPHP\\laravel\\vendor\\laravel\\framework\\src\\Illuminate\\Container\\Container.php(840): Illuminate\\Container\\Container->resolveDependencies(Array)
#12 C:\\Users\\admin\\Downloads\\documents\\learn\\Spring-Boot-React-CRM-master\\APPPHP\\laravel\\vendor\\laravel\\framework\\src\\Illuminate\\Container\\Container.php(691): Illuminate\\Container\\Container->build('App\\\\Http\\\\Middle...')
#13 C:\\Users\\admin\\Downloads\\documents\\learn\\Spring-Boot-React-CRM-master\\APPPHP\\laravel\\vendor\\laravel\\framework\\src\\Illuminate\\Foundation\\Application.php(796): Illuminate\\Container\\Container->resolve('App\\\\Http\\\\Middle...', Array, true)
#14 C:\\Users\\admin\\Downloads\\documents\\learn\\Spring-Boot-React-CRM-master\\APPPHP\\laravel\\vendor\\laravel\\framework\\src\\Illuminate\\Container\\Container.php(637): Illuminate\\Foundation\\Application->resolve('App\\\\Http\\\\Middle...', Array)
#15 C:\\Users\\admin\\Downloads\\documents\\learn\\Spring-Boot-React-CRM-master\\APPPHP\\laravel\\vendor\\laravel\\framework\\src\\Illuminate\\Foundation\\Application.php(781): Illuminate\\Container\\Container->make('App\\\\Http\\\\Middle...', Array)
#16 C:\\Users\\admin\\Downloads\\documents\\learn\\Spring-Boot-React-CRM-master\\APPPHP\\laravel\\vendor\\laravel\\framework\\src\\Illuminate\\Foundation\\Http\\Kernel.php(204): Illuminate\\Foundation\\Application->make('App\\\\Http\\\\Middle...')
#17 C:\\Users\\admin\\Downloads\\documents\\learn\\Spring-Boot-React-CRM-master\\APPPHP\\laravel\\vendor\\laravel\\framework\\src\\Illuminate\\Foundation\\Http\\Kernel.php(178): Illuminate\\Foundation\\Http\\Kernel->terminateMiddleware(Object(Illuminate\\Http\\Request), Object(Illuminate\\Http\\Response))
#18 C:\\Users\\admin\\Downloads\\documents\\learn\\Spring-Boot-React-CRM-master\\APPPHP\\laravel\\public\\index.php(60): Illuminate\\Foundation\\Http\\Kernel->terminate(Object(Illuminate\\Http\\Request), Object(Illuminate\\Http\\Response))
#19 C:\\Users\\admin\\Downloads\\documents\\learn\\Spring-Boot-React-CRM-master\\APPPHP\\laravel\\server.php(21): require_once('C:\\\\Users\\\\admin\\\\...')
#20 {main}
"} 
[2021-05-15 04:59:37] production.ERROR: No application encryption key has been specified. {"exception":"[object] (RuntimeException(code: 0): No application encryption key has been specified. at C:\\Users\\admin\\Downloads\\documents\\learn\\Spring-Boot-React-CRM-master\\APPPHP\\laravel\\vendor\\laravel\\framework\\src\\Illuminate\\Encryption\\EncryptionServiceProvider.php:80)
[stacktrace]
#0 C:\\Users\\admin\\Downloads\\documents\\learn\\Spring-Boot-React-CRM-master\\APPPHP\\laravel\\vendor\\laravel\\framework\\src\\Illuminate\\Support\\helpers.php(433): Illuminate\\Encryption\\EncryptionServiceProvider->Illuminate\\Encryption\\{closure}(NULL)
#1 C:\\Users\\admin\\Downloads\\documents\\learn\\Spring-Boot-React-CRM-master\\APPPHP\\laravel\\vendor\\laravel\\framework\\src\\Illuminate\\Encryption\\EncryptionServiceProvider.php(84): tap(NULL, Object(Closure))
#2 C:\\Users\\admin\\Downloads\\documents\\learn\\Spring-Boot-React-CRM-master\\APPPHP\\laravel\\vendor\\laravel\\framework\\src\\Illuminate\\Encryption\\EncryptionServiceProvider.php(61): Illuminate\\Encryption\\EncryptionServiceProvider->key(Array)
#3 C:\\Users\\admin\\Downloads\\documents\\learn\\Spring-Boot-React-CRM-master\\APPPHP\\laravel\\vendor\\laravel\\framework\\src\\Illuminate\\Encryption\\EncryptionServiceProvider.php(33): Illuminate\\Encryption\\EncryptionServiceProvider->parseKey(Array)
#4 C:\\Users\\admin\\Downloads\\documents\\learn\\Spring-Boot-React-CRM-master\\APPPHP\\laravel\\vendor\\laravel\\framework\\src\\Illuminate\\Container\\Container.php(805): Illuminate\\Encryption\\EncryptionServiceProvider->Illuminate\\Encryption\\{closure}(Object(Illuminate\\Foundation\\Application), Array)
#5 C:\\Users\\admin\\Downloads\\documents\\learn\\Spring-Boot-React-CRM-master\\APPPHP\\laravel\\vendor\\laravel\\framework\\src\\Illuminate\\Container\\Container.php(691): Illuminate\\Container\\Container->build(Object(Closure))
#6 C:\\Users\\admin\\Downloads\\documents\\learn\\Spring-Boot-React-CRM-master\\APPPHP\\laravel\\vendor\\laravel\\framework\\src\\Illuminate\\Foundation\\Application.php(796): Illuminate\\Container\\Container->resolve('encrypter', Array, true)
#7 C:\\Users\\admin\\Downloads\\documents\\learn\\Spring-Boot-React-CRM-master\\APPPHP\\laravel\\vendor\\laravel\\framework\\src\\Illuminate\\Container\\Container.php(637): Illuminate\\Foundation\\Application->resolve('encrypter', Array)
#8 C:\\Users\\admin\\Downloads\\documents\\learn\\Spring-Boot-React-CRM-master\\APPPHP\\laravel\\vendor\\laravel\\framework\\src\\Illuminate\\Foundation\\Application.php(781): Illuminate\\Container\\Container->make('encrypter', Array)
#9 C:\\Users\\admin\\Downloads\\documents\\learn\\Spring-Boot-React-CRM-master\\APPPHP\\laravel\\vendor\\laravel\\framework\\src\\Illuminate\\Container\\Container.php(959): Illuminate\\Foundation\\Application->make('encrypter')
#10 C:\\Users\\admin\\Downloads\\documents\\learn\\Spring-Boot-React-CRM-master\\APPPHP\\laravel\\vendor\\laravel\\framework\\src\\Illuminate\\Container\\Container.php(879): Illuminate\\Container\\Container->resolveClass(Object(ReflectionParameter))
#11 C:\\Users\\admin\\Downloads\\documents\\learn\\Spring-Boot-React-CRM-master\\APPPHP\\laravel\\vendor\\laravel\\framework\\src\\Illuminate\\Container\\Container.php(840): Illuminate\\Container\\Container->resolveDependencies(Array)
#12 C:\\Users\\admin\\Downloads\\documents\\learn\\Spring-Boot-React-CRM-master\\APPPHP\\laravel\\vendor\\laravel\\framework\\src\\Illuminate\\Container\\Container.php(691): Illuminate\\Container\\Container->build('App\\\\Http\\\\Middle...')
#13 C:\\Users\\admin\\Downloads\\documents\\learn\\Spring-Boot-React-CRM-master\\APPPHP\\laravel\\vendor\\laravel\\framework\\src\\Illuminate\\Foundation\\Application.php(796): Illuminate\\Container\\Container->resolve('App\\\\Http\\\\Middle...', Array, true)
#14 C:\\Users\\admin\\Downloads\\documents\\learn\\Spring-Boot-React-CRM-master\\APPPHP\\laravel\\vendor\\laravel\\framework\\src\\Illuminate\\Container\\Container.php(637): Illuminate\\Foundation\\Application->resolve('App\\\\Http\\\\Middle...', Array)
#15 C:\\Users\\admin\\Downloads\\documents\\learn\\Spring-Boot-React-CRM-master\\APPPHP\\laravel\\vendor\\laravel\\framework\\src\\Illuminate\\Foundation\\Application.php(781): Illuminate\\Container\\Container->make('App\\\\Http\\\\Middle...', Array)
#16 C:\\Users\\admin\\Downloads\\documents\\learn\\Spring-Boot-React-CRM-master\\APPPHP\\laravel\\vendor\\laravel\\framework\\src\\Illuminate\\Pipeline\\Pipeline.php(156): Illuminate\\Foundation\\Application->make('App\\\\Http\\\\Middle...')
#17 C:\\Users\\admin\\Downloads\\documents\\learn\\Spring-Boot-React-CRM-master\\APPPHP\\laravel\\vendor\\laravel\\framework\\src\\Illuminate\\Pipeline\\Pipeline.php(103): Illuminate\\Pipeline\\Pipeline->Illuminate\\Pipeline\\{closure}(Object(Illuminate\\Http\\Request))
#18 C:\\Users\\admin\\Downloads\\documents\\learn\\Spring-Boot-React-CRM-master\\APPPHP\\laravel\\vendor\\laravel\\framework\\src\\Illuminate\\Routing\\Router.php(687): Illuminate\\Pipeline\\Pipeline->then(Object(Closure))
#19 C:\\Users\\admin\\Downloads\\documents\\learn\\Spring-Boot-React-CRM-master\\APPPHP\\laravel\\vendor\\laravel\\framework\\src\\Illuminate\\Routing\\Router.php(662): Illuminate\\Routing\\Router->runRouteWithinStack(Object(Illuminate\\Routing\\Route), Object(Illuminate\\Http\\Request))
#20 C:\\Users\\admin\\Downloads\\documents\\learn\\Spring-Boot-React-CRM-master\\APPPHP\\laravel\\vendor\\laravel\\framework\\src\\Illuminate\\Routing\\Router.php(628): Illuminate\\Routing\\Router->runRoute(Object(Illuminate\\Http\\Request), Object(Illuminate\\Routing\\Route))
#21 C:\\Users\\admin\\Downloads\\documents\\learn\\Spring-Boot-React-CRM-master\\APPPHP\\laravel\\vendor\\laravel\\framework\\src\\Illuminate\\Routing\\Router.php(617): Illuminate\\Routing\\Router->dispatchToRoute(Object(Illuminate\\Http\\Request))
#22 C:\\Users\\admin\\Downloads\\documents\\learn\\Spring-Boot-React-CRM-master\\APPPHP\\laravel\\vendor\\laravel\\framework\\src\\Illuminate\\Foundation\\Http\\Kernel.php(165): Illuminate\\Routing\\Router->dispatch(Object(Illuminate\\Http\\Request))
#23 C:\\Users\\admin\\Downloads\\documents\\learn\\Spring-Boot-React-CRM-master\\APPPHP\\laravel\\vendor\\laravel\\framework\\src\\Illuminate\\Pipeline\\Pipeline.php(128): Illuminate\\Foundation\\Http\\Kernel->Illuminate\\Foundation\\Http\\{closure}(Object(Illuminate\\Http\\Request))
#24 C:\\Users\\admin\\Downloads\\documents\\learn\\Spring-Boot-React-CRM-master\\APPPHP\\laravel\\vendor\\laravel\\framework\\src\\Illuminate\\Foundation\\Http\\Middleware\\TransformsRequest.php(21): Illuminate\\Pipeline\\Pipeline->Illuminate\\Pipeline\\{closure}(Object(Illuminate\\Http\\Request))
#25 C:\\Users\\admin\\Downloads\\documents\\learn\\Spring-Boot-React-CRM-master\\APPPHP\\laravel\\vendor\\laravel\\framework\\src\\Illuminate\\Pipeline\\Pipeline.php(167): Illuminate\\Foundation\\Http\\Middleware\\TransformsRequest->handle(Object(Illuminate\\Http\\Request), Object(Closure))
#26 C:\\Users\\admin\\Downloads\\documents\\learn\\Spring-Boot-React-CRM-master\\APPPHP\\laravel\\vendor\\laravel\\framework\\src\\Illuminate\\Foundation\\Http\\Middleware\\TransformsRequest.php(21): Illuminate\\Pipeline\\Pipeline->Illuminate\\Pipeline\\{closure}(Object(Illuminate\\Http\\Request))
#27 C:\\Users\\admin\\Downloads\\documents\\learn\\Spring-Boot-React-CRM-master\\APPPHP\\laravel\\vendor\\laravel\\framework\\src\\Illuminate\\Pipeline\\Pipeline.php(167): Illuminate\\Foundation\\Http\\Middleware\\TransformsRequest->handle(Object(Illuminate\\Http\\Request), Object(Closure))
#28 C:\\Users\\admin\\Downloads\\documents\\learn\\Spring-Boot-React-CRM-master\\APPPHP\\laravel\\vendor\\laravel\\framework\\src\\Illuminate\\Foundation\\Http\\Middleware\\ValidatePostSize.php(27): Illuminate\\Pipeline\\Pipeline->Illuminate\\Pipeline\\{closure}(Object(Illuminate\\Http\\Request))
#29 C:\\Users\\admin\\Downloads\\documents\\learn\\Spring-Boot-React-CRM-master\\APPPHP\\laravel\\vendor\\laravel\\framework\\src\\Illuminate\\Pipeline\\Pipeline.php(167): Illuminate\\Foundation\\Http\\Middleware\\ValidatePostSize->handle(Object(Illuminate\\Http\\Request), Object(Closure))
#30 C:\\Users\\admin\\Downloads\\documents\\learn\\Spring-Boot-React-CRM-master\\APPPHP\\laravel\\vendor\\laravel\\framework\\src\\Illuminate\\Foundation\\Http\\Middleware\\CheckForMaintenanceMode.php(63): Illuminate\\Pipeline\\Pipeline->Illuminate\\Pipeline\\{closure}(Object(Illuminate\\Http\\Request))
#31 C:\\Users\\admin\\Downloads\\documents\\learn\\Spring-Boot-React-CRM-master\\APPPHP\\laravel\\vendor\\laravel\\framework\\src\\Illuminate\\Pipeline\\Pipeline.php(167): Illuminate\\Foundation\\Http\\Middleware\\CheckForMaintenanceMode->handle(Object(Illuminate\\Http\\Request), Object(Closure))
#32 C:\\Users\\admin\\Downloads\\documents\\learn\\Spring-Boot-React-CRM-master\\APPPHP\\laravel\\vendor\\fideloper\\proxy\\src\\TrustProxies.php(57): Illuminate\\Pipeline\\Pipeline->Illuminate\\Pipeline\\{closure}(Object(Illuminate\\Http\\Request))
#33 C:\\Users\\admin\\Downloads\\documents\\learn\\Spring-Boot-React-CRM-master\\APPPHP\\laravel\\vendor\\laravel\\framework\\src\\Illuminate\\Pipeline\\Pipeline.php(167): Fideloper\\Proxy\\TrustProxies->handle(Object(Illuminate\\Http\\Request), Object(Closure))
#34 C:\\Users\\admin\\Downloads\\documents\\learn\\Spring-Boot-React-CRM-master\\APPPHP\\laravel\\vendor\\laravel\\framework\\src\\Illuminate\\Pipeline\\Pipeline.php(103): Illuminate\\Pipeline\\Pipeline->Illuminate\\Pipeline\\{closure}(Object(Illuminate\\Http\\Request))
#35 C:\\Users\\admin\\Downloads\\documents\\learn\\Spring-Boot-React-CRM-master\\APPPHP\\laravel\\vendor\\laravel\\framework\\src\\Illuminate\\Foundation\\Http\\Kernel.php(140): Illuminate\\Pipeline\\Pipeline->then(Object(Closure))
#36 C:\\Users\\admin\\Downloads\\documents\\learn\\Spring-Boot-React-CRM-master\\APPPHP\\laravel\\vendor\\laravel\\framework\\src\\Illuminate\\Foundation\\Http\\Kernel.php(109): Illuminate\\Foundation\\Http\\Kernel->sendRequestThroughRouter(Object(Illuminate\\Http\\Request))
#37 C:\\Users\\admin\\Downloads\\documents\\learn\\Spring-Boot-React-CRM-master\\APPPHP\\laravel\\public\\index.php(55): Illuminate\\Foundation\\Http\\Kernel->handle(Object(Illuminate\\Http\\Request))
#38 C:\\Users\\admin\\Downloads\\documents\\learn\\Spring-Boot-React-CRM-master\\APPPHP\\laravel\\server.php(21): require_once('C:\\\\Users\\\\admin\\\\...')
#39 {main}
"} 
[2021-05-15 04:59:37] production.ERROR: No application encryption key has been specified. {"exception":"[object] (RuntimeException(code: 0): No application encryption key has been specified. at C:\\Users\\admin\\Downloads\\documents\\learn\\Spring-Boot-React-CRM-master\\APPPHP\\laravel\\vendor\\laravel\\framework\\src\\Illuminate\\Encryption\\EncryptionServiceProvider.php:80)
[stacktrace]
#0 C:\\Users\\admin\\Downloads\\documents\\learn\\Spring-Boot-React-CRM-master\\APPPHP\\laravel\\vendor\\laravel\\framework\\src\\Illuminate\\Support\\helpers.php(433): Illuminate\\Encryption\\EncryptionServiceProvider->Illuminate\\Encryption\\{closure}(NULL)
#1 C:\\Users\\admin\\Downloads\\documents\\learn\\Spring-Boot-React-CRM-master\\APPPHP\\laravel\\vendor\\laravel\\framework\\src\\Illuminate\\Encryption\\EncryptionServiceProvider.php(84): tap(NULL, Object(Closure))
#2 C:\\Users\\admin\\Downloads\\documents\\learn\\Spring-Boot-React-CRM-master\\APPPHP\\laravel\\vendor\\laravel\\framework\\src\\Illuminate\\Encryption\\EncryptionServiceProvider.php(61): Illuminate\\Encryption\\EncryptionServiceProvider->key(Array)
#3 C:\\Users\\admin\\Downloads\\documents\\learn\\Spring-Boot-React-CRM-master\\APPPHP\\laravel\\vendor\\laravel\\framework\\src\\Illuminate\\Encryption\\EncryptionServiceProvider.php(33): Illuminate\\Encryption\\EncryptionServiceProvider->parseKey(Array)
#4 C:\\Users\\admin\\Downloads\\documents\\learn\\Spring-Boot-React-CRM-master\\APPPHP\\laravel\\vendor\\laravel\\framework\\src\\Illuminate\\Container\\Container.php(805): Illuminate\\Encryption\\EncryptionServiceProvider->Illuminate\\Encryption\\{closure}(Object(Illuminate\\Foundation\\Application), Array)
#5 C:\\Users\\admin\\Downloads\\documents\\learn\\Spring-Boot-React-CRM-master\\APPPHP\\laravel\\vendor\\laravel\\framework\\src\\Illuminate\\Container\\Container.php(691): Illuminate\\Container\\Container->build(Object(Closure))
#6 C:\\Users\\admin\\Downloads\\documents\\learn\\Spring-Boot-React-CRM-master\\APPPHP\\laravel\\vendor\\laravel\\framework\\src\\Illuminate\\Foundation\\Application.php(796): Illuminate\\Container\\Container->resolve('encrypter', Array, true)
#7 C:\\Users\\admin\\Downloads\\documents\\learn\\Spring-Boot-React-CRM-master\\APPPHP\\laravel\\vendor\\laravel\\framework\\src\\Illuminate\\Container\\Container.php(637): Illuminate\\Foundation\\Application->resolve('encrypter', Array)
#8 C:\\Users\\admin\\Downloads\\documents\\learn\\Spring-Boot-React-CRM-master\\APPPHP\\laravel\\vendor\\laravel\\framework\\src\\Illuminate\\Foundation\\Application.php(781): Illuminate\\Container\\Container->make('encrypter', Array)
#9 C:\\Users\\admin\\Downloads\\documents\\learn\\Spring-Boot-React-CRM-master\\APPPHP\\laravel\\vendor\\laravel\\framework\\src\\Illuminate\\Container\\Container.php(959): Illuminate\\Foundation\\Application->make('encrypter')
#10 C:\\Users\\admin\\Downloads\\documents\\learn\\Spring-Boot-React-CRM-master\\APPPHP\\laravel\\vendor\\laravel\\framework\\src\\Illuminate\\Container\\Container.php(879): Illuminate\\Container\\Container->resolveClass(Object(ReflectionParameter))
#11 C:\\Users\\admin\\Downloads\\documents\\learn\\Spring-Boot-React-CRM-master\\APPPHP\\laravel\\vendor\\laravel\\framework\\src\\Illuminate\\Container\\Container.php(840): Illuminate\\Container\\Container->resolveDependencies(Array)
#12 C:\\Users\\admin\\Downloads\\documents\\learn\\Spring-Boot-React-CRM-master\\APPPHP\\laravel\\vendor\\laravel\\framework\\src\\Illuminate\\Container\\Container.php(691): Illuminate\\Container\\Container->build('App\\\\Http\\\\Middle...')
#13 C:\\Users\\admin\\Downloads\\documents\\learn\\Spring-Boot-React-CRM-master\\APPPHP\\laravel\\vendor\\laravel\\framework\\src\\Illuminate\\Foundation\\Application.php(796): Illuminate\\Container\\Container->resolve('App\\\\Http\\\\Middle...', Array, true)
#14 C:\\Users\\admin\\Downloads\\documents\\learn\\Spring-Boot-React-CRM-master\\APPPHP\\laravel\\vendor\\laravel\\framework\\src\\Illuminate\\Container\\Container.php(637): Illuminate\\Foundation\\Application->resolve('App\\\\Http\\\\Middle...', Array)
#15 C:\\Users\\admin\\Downloads\\documents\\learn\\Spring-Boot-React-CRM-master\\APPPHP\\laravel\\vendor\\laravel\\framework\\src\\Illuminate\\Foundation\\Application.php(781): Illuminate\\Container\\Container->make('App\\\\Http\\\\Middle...', Array)
#16 C:\\Users\\admin\\Downloads\\documents\\learn\\Spring-Boot-React-CRM-master\\APPPHP\\laravel\\vendor\\laravel\\framework\\src\\Illuminate\\Foundation\\Http\\Kernel.php(204): Illuminate\\Foundation\\Application->make('App\\\\Http\\\\Middle...')
#17 C:\\Users\\admin\\Downloads\\documents\\learn\\Spring-Boot-React-CRM-master\\APPPHP\\laravel\\vendor\\laravel\\framework\\src\\Illuminate\\Foundation\\Http\\Kernel.php(178): Illuminate\\Foundation\\Http\\Kernel->terminateMiddleware(Object(Illuminate\\Http\\Request), Object(Illuminate\\Http\\Response))
#18 C:\\Users\\admin\\Downloads\\documents\\learn\\Spring-Boot-React-CRM-master\\APPPHP\\laravel\\public\\index.php(60): Illuminate\\Foundation\\Http\\Kernel->terminate(Object(Illuminate\\Http\\Request), Object(Illuminate\\Http\\Response))
#19 C:\\Users\\admin\\Downloads\\documents\\learn\\Spring-Boot-React-CRM-master\\APPPHP\\laravel\\server.php(21): require_once('C:\\\\Users\\\\admin\\\\...')
#20 {main}
"} 
[2021-05-15 04:59:45] production.ERROR: No application encryption key has been specified. {"exception":"[object] (RuntimeException(code: 0): No application encryption key has been specified. at C:\\Users\\admin\\Downloads\\documents\\learn\\Spring-Boot-React-CRM-master\\APPPHP\\laravel\\vendor\\laravel\\framework\\src\\Illuminate\\Encryption\\EncryptionServiceProvider.php:80)
[stacktrace]
#0 C:\\Users\\admin\\Downloads\\documents\\learn\\Spring-Boot-React-CRM-master\\APPPHP\\laravel\\vendor\\laravel\\framework\\src\\Illuminate\\Support\\helpers.php(433): Illuminate\\Encryption\\EncryptionServiceProvider->Illuminate\\Encryption\\{closure}(NULL)
#1 C:\\Users\\admin\\Downloads\\documents\\learn\\Spring-Boot-React-CRM-master\\APPPHP\\laravel\\vendor\\laravel\\framework\\src\\Illuminate\\Encryption\\EncryptionServiceProvider.php(84): tap(NULL, Object(Closure))
#2 C:\\Users\\admin\\Downloads\\documents\\learn\\Spring-Boot-React-CRM-master\\APPPHP\\laravel\\vendor\\laravel\\framework\\src\\Illuminate\\Encryption\\EncryptionServiceProvider.php(61): Illuminate\\Encryption\\EncryptionServiceProvider->key(Array)
#3 C:\\Users\\admin\\Downloads\\documents\\learn\\Spring-Boot-React-CRM-master\\APPPHP\\laravel\\vendor\\laravel\\framework\\src\\Illuminate\\Encryption\\EncryptionServiceProvider.php(33): Illuminate\\Encryption\\EncryptionServiceProvider->parseKey(Array)
#4 C:\\Users\\admin\\Downloads\\documents\\learn\\Spring-Boot-React-CRM-master\\APPPHP\\laravel\\vendor\\laravel\\framework\\src\\Illuminate\\Container\\Container.php(805): Illuminate\\Encryption\\EncryptionServiceProvider->Illuminate\\Encryption\\{closure}(Object(Illuminate\\Foundation\\Application), Array)
#5 C:\\Users\\admin\\Downloads\\documents\\learn\\Spring-Boot-React-CRM-master\\APPPHP\\laravel\\vendor\\laravel\\framework\\src\\Illuminate\\Container\\Container.php(691): Illuminate\\Container\\Container->build(Object(Closure))
#6 C:\\Users\\admin\\Downloads\\documents\\learn\\Spring-Boot-React-CRM-master\\APPPHP\\laravel\\vendor\\laravel\\framework\\src\\Illuminate\\Foundation\\Application.php(796): Illuminate\\Container\\Container->resolve('encrypter', Array, true)
#7 C:\\Users\\admin\\Downloads\\documents\\learn\\Spring-Boot-React-CRM-master\\APPPHP\\laravel\\vendor\\laravel\\framework\\src\\Illuminate\\Container\\Container.php(637): Illuminate\\Foundation\\Application->resolve('encrypter', Array)
#8 C:\\Users\\admin\\Downloads\\documents\\learn\\Spring-Boot-React-CRM-master\\APPPHP\\laravel\\vendor\\laravel\\framework\\src\\Illuminate\\Foundation\\Application.php(781): Illuminate\\Container\\Container->make('encrypter', Array)
#9 C:\\Users\\admin\\Downloads\\documents\\learn\\Spring-Boot-React-CRM-master\\APPPHP\\laravel\\vendor\\laravel\\framework\\src\\Illuminate\\Container\\Container.php(959): Illuminate\\Foundation\\Application->make('encrypter')
#10 C:\\Users\\admin\\Downloads\\documents\\learn\\Spring-Boot-React-CRM-master\\APPPHP\\laravel\\vendor\\laravel\\framework\\src\\Illuminate\\Container\\Container.php(879): Illuminate\\Container\\Container->resolveClass(Object(ReflectionParameter))
#11 C:\\Users\\admin\\Downloads\\documents\\learn\\Spring-Boot-React-CRM-master\\APPPHP\\laravel\\vendor\\laravel\\framework\\src\\Illuminate\\Container\\Container.php(840): Illuminate\\Container\\Container->resolveDependencies(Array)
#12 C:\\Users\\admin\\Downloads\\documents\\learn\\Spring-Boot-React-CRM-master\\APPPHP\\laravel\\vendor\\laravel\\framework\\src\\Illuminate\\Container\\Container.php(691): Illuminate\\Container\\Container->build('App\\\\Http\\\\Middle...')
#13 C:\\Users\\admin\\Downloads\\documents\\learn\\Spring-Boot-React-CRM-master\\APPPHP\\laravel\\vendor\\laravel\\framework\\src\\Illuminate\\Foundation\\Application.php(796): Illuminate\\Container\\Container->resolve('App\\\\Http\\\\Middle...', Array, true)
#14 C:\\Users\\admin\\Downloads\\documents\\learn\\Spring-Boot-React-CRM-master\\APPPHP\\laravel\\vendor\\laravel\\framework\\src\\Illuminate\\Container\\Container.php(637): Illuminate\\Foundation\\Application->resolve('App\\\\Http\\\\Middle...', Array)
#15 C:\\Users\\admin\\Downloads\\documents\\learn\\Spring-Boot-React-CRM-master\\APPPHP\\laravel\\vendor\\laravel\\framework\\src\\Illuminate\\Foundation\\Application.php(781): Illuminate\\Container\\Container->make('App\\\\Http\\\\Middle...', Array)
#16 C:\\Users\\admin\\Downloads\\documents\\learn\\Spring-Boot-React-CRM-master\\APPPHP\\laravel\\vendor\\laravel\\framework\\src\\Illuminate\\Pipeline\\Pipeline.php(156): Illuminate\\Foundation\\Application->make('App\\\\Http\\\\Middle...')
#17 C:\\Users\\admin\\Downloads\\documents\\learn\\Spring-Boot-React-CRM-master\\APPPHP\\laravel\\vendor\\laravel\\framework\\src\\Illuminate\\Pipeline\\Pipeline.php(103): Illuminate\\Pipeline\\Pipeline->Illuminate\\Pipeline\\{closure}(Object(Illuminate\\Http\\Request))
#18 C:\\Users\\admin\\Downloads\\documents\\learn\\Spring-Boot-React-CRM-master\\APPPHP\\laravel\\vendor\\laravel\\framework\\src\\Illuminate\\Routing\\Router.php(687): Illuminate\\Pipeline\\Pipeline->then(Object(Closure))
#19 C:\\Users\\admin\\Downloads\\documents\\learn\\Spring-Boot-React-CRM-master\\APPPHP\\laravel\\vendor\\laravel\\framework\\src\\Illuminate\\Routing\\Router.php(662): Illuminate\\Routing\\Router->runRouteWithinStack(Object(Illuminate\\Routing\\Route), Object(Illuminate\\Http\\Request))
#20 C:\\Users\\admin\\Downloads\\documents\\learn\\Spring-Boot-React-CRM-master\\APPPHP\\laravel\\vendor\\laravel\\framework\\src\\Illuminate\\Routing\\Router.php(628): Illuminate\\Routing\\Router->runRoute(Object(Illuminate\\Http\\Request), Object(Illuminate\\Routing\\Route))
#21 C:\\Users\\admin\\Downloads\\documents\\learn\\Spring-Boot-React-CRM-master\\APPPHP\\laravel\\vendor\\laravel\\framework\\src\\Illuminate\\Routing\\Router.php(617): Illuminate\\Routing\\Router->dispatchToRoute(Object(Illuminate\\Http\\Request))
#22 C:\\Users\\admin\\Downloads\\documents\\learn\\Spring-Boot-React-CRM-master\\APPPHP\\laravel\\vendor\\laravel\\framework\\src\\Illuminate\\Foundation\\Http\\Kernel.php(165): Illuminate\\Routing\\Router->dispatch(Object(Illuminate\\Http\\Request))
#23 C:\\Users\\admin\\Downloads\\documents\\learn\\Spring-Boot-React-CRM-master\\APPPHP\\laravel\\vendor\\laravel\\framework\\src\\Illuminate\\Pipeline\\Pipeline.php(128): Illuminate\\Foundation\\Http\\Kernel->Illuminate\\Foundation\\Http\\{closure}(Object(Illuminate\\Http\\Request))
#24 C:\\Users\\admin\\Downloads\\documents\\learn\\Spring-Boot-React-CRM-master\\APPPHP\\laravel\\vendor\\laravel\\framework\\src\\Illuminate\\Foundation\\Http\\Middleware\\TransformsRequest.php(21): Illuminate\\Pipeline\\Pipeline->Illuminate\\Pipeline\\{closure}(Object(Illuminate\\Http\\Request))
#25 C:\\Users\\admin\\Downloads\\documents\\learn\\Spring-Boot-React-CRM-master\\APPPHP\\laravel\\vendor\\laravel\\framework\\src\\Illuminate\\Pipeline\\Pipeline.php(167): Illuminate\\Foundation\\Http\\Middleware\\TransformsRequest->handle(Object(Illuminate\\Http\\Request), Object(Closure))
#26 C:\\Users\\admin\\Downloads\\documents\\learn\\Spring-Boot-React-CRM-master\\APPPHP\\laravel\\vendor\\laravel\\framework\\src\\Illuminate\\Foundation\\Http\\Middleware\\TransformsRequest.php(21): Illuminate\\Pipeline\\Pipeline->Illuminate\\Pipeline\\{closure}(Object(Illuminate\\Http\\Request))
#27 C:\\Users\\admin\\Downloads\\documents\\learn\\Spring-Boot-React-CRM-master\\APPPHP\\laravel\\vendor\\laravel\\framework\\src\\Illuminate\\Pipeline\\Pipeline.php(167): Illuminate\\Foundation\\Http\\Middleware\\TransformsRequest->handle(Object(Illuminate\\Http\\Request), Object(Closure))
#28 C:\\Users\\admin\\Downloads\\documents\\learn\\Spring-Boot-React-CRM-master\\APPPHP\\laravel\\vendor\\laravel\\framework\\src\\Illuminate\\Foundation\\Http\\Middleware\\ValidatePostSize.php(27): Illuminate\\Pipeline\\Pipeline->Illuminate\\Pipeline\\{closure}(Object(Illuminate\\Http\\Request))
#29 C:\\Users\\admin\\Downloads\\documents\\learn\\Spring-Boot-React-CRM-master\\APPPHP\\laravel\\vendor\\laravel\\framework\\src\\Illuminate\\Pipeline\\Pipeline.php(167): Illuminate\\Foundation\\Http\\Middleware\\ValidatePostSize->handle(Object(Illuminate\\Http\\Request), Object(Closure))
#30 C:\\Users\\admin\\Downloads\\documents\\learn\\Spring-Boot-React-CRM-master\\APPPHP\\laravel\\vendor\\laravel\\framework\\src\\Illuminate\\Foundation\\Http\\Middleware\\CheckForMaintenanceMode.php(63): Illuminate\\Pipeline\\Pipeline->Illuminate\\Pipeline\\{closure}(Object(Illuminate\\Http\\Request))
#31 C:\\Users\\admin\\Downloads\\documents\\learn\\Spring-Boot-React-CRM-master\\APPPHP\\laravel\\vendor\\laravel\\framework\\src\\Illuminate\\Pipeline\\Pipeline.php(167): Illuminate\\Foundation\\Http\\Middleware\\CheckForMaintenanceMode->handle(Object(Illuminate\\Http\\Request), Object(Closure))
#32 C:\\Users\\admin\\Downloads\\documents\\learn\\Spring-Boot-React-CRM-master\\APPPHP\\laravel\\vendor\\fideloper\\proxy\\src\\TrustProxies.php(57): Illuminate\\Pipeline\\Pipeline->Illuminate\\Pipeline\\{closure}(Object(Illuminate\\Http\\Request))
#33 C:\\Users\\admin\\Downloads\\documents\\learn\\Spring-Boot-React-CRM-master\\APPPHP\\laravel\\vendor\\laravel\\framework\\src\\Illuminate\\Pipeline\\Pipeline.php(167): Fideloper\\Proxy\\TrustProxies->handle(Object(Illuminate\\Http\\Request), Object(Closure))
#34 C:\\Users\\admin\\Downloads\\documents\\learn\\Spring-Boot-React-CRM-master\\APPPHP\\laravel\\vendor\\laravel\\framework\\src\\Illuminate\\Pipeline\\Pipeline.php(103): Illuminate\\Pipeline\\Pipeline->Illuminate\\Pipeline\\{closure}(Object(Illuminate\\Http\\Request))
#35 C:\\Users\\admin\\Downloads\\documents\\learn\\Spring-Boot-React-CRM-master\\APPPHP\\laravel\\vendor\\laravel\\framework\\src\\Illuminate\\Foundation\\Http\\Kernel.php(140): Illuminate\\Pipeline\\Pipeline->then(Object(Closure))
#36 C:\\Users\\admin\\Downloads\\documents\\learn\\Spring-Boot-React-CRM-master\\APPPHP\\laravel\\vendor\\laravel\\framework\\src\\Illuminate\\Foundation\\Http\\Kernel.php(109): Illuminate\\Foundation\\Http\\Kernel->sendRequestThroughRouter(Object(Illuminate\\Http\\Request))
#37 C:\\Users\\admin\\Downloads\\documents\\learn\\Spring-Boot-React-CRM-master\\APPPHP\\laravel\\public\\index.php(55): Illuminate\\Foundation\\Http\\Kernel->handle(Object(Illuminate\\Http\\Request))
#38 C:\\Users\\admin\\Downloads\\documents\\learn\\Spring-Boot-React-CRM-master\\APPPHP\\laravel\\server.php(21): require_once('C:\\\\Users\\\\admin\\\\...')
#39 {main}
"} 
[2021-05-15 04:59:46] production.ERROR: No application encryption key has been specified. {"exception":"[object] (RuntimeException(code: 0): No application encryption key has been specified. at C:\\Users\\admin\\Downloads\\documents\\learn\\Spring-Boot-React-CRM-master\\APPPHP\\laravel\\vendor\\laravel\\framework\\src\\Illuminate\\Encryption\\EncryptionServiceProvider.php:80)
[stacktrace]
#0 C:\\Users\\admin\\Downloads\\documents\\learn\\Spring-Boot-React-CRM-master\\APPPHP\\laravel\\vendor\\laravel\\framework\\src\\Illuminate\\Support\\helpers.php(433): Illuminate\\Encryption\\EncryptionServiceProvider->Illuminate\\Encryption\\{closure}(NULL)
#1 C:\\Users\\admin\\Downloads\\documents\\learn\\Spring-Boot-React-CRM-master\\APPPHP\\laravel\\vendor\\laravel\\framework\\src\\Illuminate\\Encryption\\EncryptionServiceProvider.php(84): tap(NULL, Object(Closure))
#2 C:\\Users\\admin\\Downloads\\documents\\learn\\Spring-Boot-React-CRM-master\\APPPHP\\laravel\\vendor\\laravel\\framework\\src\\Illuminate\\Encryption\\EncryptionServiceProvider.php(61): Illuminate\\Encryption\\EncryptionServiceProvider->key(Array)
#3 C:\\Users\\admin\\Downloads\\documents\\learn\\Spring-Boot-React-CRM-master\\APPPHP\\laravel\\vendor\\laravel\\framework\\src\\Illuminate\\Encryption\\EncryptionServiceProvider.php(33): Illuminate\\Encryption\\EncryptionServiceProvider->parseKey(Array)
#4 C:\\Users\\admin\\Downloads\\documents\\learn\\Spring-Boot-React-CRM-master\\APPPHP\\laravel\\vendor\\laravel\\framework\\src\\Illuminate\\Container\\Container.php(805): Illuminate\\Encryption\\EncryptionServiceProvider->Illuminate\\Encryption\\{closure}(Object(Illuminate\\Foundation\\Application), Array)
#5 C:\\Users\\admin\\Downloads\\documents\\learn\\Spring-Boot-React-CRM-master\\APPPHP\\laravel\\vendor\\laravel\\framework\\src\\Illuminate\\Container\\Container.php(691): Illuminate\\Container\\Container->build(Object(Closure))
#6 C:\\Users\\admin\\Downloads\\documents\\learn\\Spring-Boot-React-CRM-master\\APPPHP\\laravel\\vendor\\laravel\\framework\\src\\Illuminate\\Foundation\\Application.php(796): Illuminate\\Container\\Container->resolve('encrypter', Array, true)
#7 C:\\Users\\admin\\Downloads\\documents\\learn\\Spring-Boot-React-CRM-master\\APPPHP\\laravel\\vendor\\laravel\\framework\\src\\Illuminate\\Container\\Container.php(637): Illuminate\\Foundation\\Application->resolve('encrypter', Array)
#8 C:\\Users\\admin\\Downloads\\documents\\learn\\Spring-Boot-React-CRM-master\\APPPHP\\laravel\\vendor\\laravel\\framework\\src\\Illuminate\\Foundation\\Application.php(781): Illuminate\\Container\\Container->make('encrypter', Array)
#9 C:\\Users\\admin\\Downloads\\documents\\learn\\Spring-Boot-React-CRM-master\\APPPHP\\laravel\\vendor\\laravel\\framework\\src\\Illuminate\\Container\\Container.php(959): Illuminate\\Foundation\\Application->make('encrypter')
#10 C:\\Users\\admin\\Downloads\\documents\\learn\\Spring-Boot-React-CRM-master\\APPPHP\\laravel\\vendor\\laravel\\framework\\src\\Illuminate\\Container\\Container.php(879): Illuminate\\Container\\Container->resolveClass(Object(ReflectionParameter))
#11 C:\\Users\\admin\\Downloads\\documents\\learn\\Spring-Boot-React-CRM-master\\APPPHP\\laravel\\vendor\\laravel\\framework\\src\\Illuminate\\Container\\Container.php(840): Illuminate\\Container\\Container->resolveDependencies(Array)
#12 C:\\Users\\admin\\Downloads\\documents\\learn\\Spring-Boot-React-CRM-master\\APPPHP\\laravel\\vendor\\laravel\\framework\\src\\Illuminate\\Container\\Container.php(691): Illuminate\\Container\\Container->build('App\\\\Http\\\\Middle...')
#13 C:\\Users\\admin\\Downloads\\documents\\learn\\Spring-Boot-React-CRM-master\\APPPHP\\laravel\\vendor\\laravel\\framework\\src\\Illuminate\\Foundation\\Application.php(796): Illuminate\\Container\\Container->resolve('App\\\\Http\\\\Middle...', Array, true)
#14 C:\\Users\\admin\\Downloads\\documents\\learn\\Spring-Boot-React-CRM-master\\APPPHP\\laravel\\vendor\\laravel\\framework\\src\\Illuminate\\Container\\Container.php(637): Illuminate\\Foundation\\Application->resolve('App\\\\Http\\\\Middle...', Array)
#15 C:\\Users\\admin\\Downloads\\documents\\learn\\Spring-Boot-React-CRM-master\\APPPHP\\laravel\\vendor\\laravel\\framework\\src\\Illuminate\\Foundation\\Application.php(781): Illuminate\\Container\\Container->make('App\\\\Http\\\\Middle...', Array)
#16 C:\\Users\\admin\\Downloads\\documents\\learn\\Spring-Boot-React-CRM-master\\APPPHP\\laravel\\vendor\\laravel\\framework\\src\\Illuminate\\Foundation\\Http\\Kernel.php(204): Illuminate\\Foundation\\Application->make('App\\\\Http\\\\Middle...')
#17 C:\\Users\\admin\\Downloads\\documents\\learn\\Spring-Boot-React-CRM-master\\APPPHP\\laravel\\vendor\\laravel\\framework\\src\\Illuminate\\Foundation\\Http\\Kernel.php(178): Illuminate\\Foundation\\Http\\Kernel->terminateMiddleware(Object(Illuminate\\Http\\Request), Object(Illuminate\\Http\\Response))
#18 C:\\Users\\admin\\Downloads\\documents\\learn\\Spring-Boot-React-CRM-master\\APPPHP\\laravel\\public\\index.php(60): Illuminate\\Foundation\\Http\\Kernel->terminate(Object(Illuminate\\Http\\Request), Object(Illuminate\\Http\\Response))
#19 C:\\Users\\admin\\Downloads\\documents\\learn\\Spring-Boot-React-CRM-master\\APPPHP\\laravel\\server.php(21): require_once('C:\\\\Users\\\\admin\\\\...')
#20 {main}
"} 
